broker/build/app/intermediates/manifest_merge_blame_file/debug/manifest-merger-blame-debug-report.txt
1<?xml version="1.0" encoding="utf-8"?>
2<manifest xmlns:android="http://schemas.android.com/apk/res/android"
3    package="com.portboard.broker"
4    android:versionCode="1"
5    android:versionName="1.0.0" >
6
7    <uses-sdk
8        android:minSdkVersion="21"
9        android:targetSdkVersion="30" />
10    <!--
11         Flutter needs it to communicate with the running application
12         to allow setting breakpoints, to provide hot reload, etc.
13    -->
14    <uses-permission android:name="android.permission.INTERNET" />
14-->src\main\AndroidManifest.xml:4:5-67
14-->src\main\AndroidManifest.xml:4:22-64
15    <uses-permission android:name="android.permission.WRITE_EXTERNAL_STORAGE" />
15-->src\main\AndroidManifest.xml:5:5-81
15-->src\main\AndroidManifest.xml:5:22-78
16    <uses-permission android:name="android.permission.READ_EXTERNAL_STORAGE" />
16-->src\main\AndroidManifest.xml:6:5-80
16-->src\main\AndroidManifest.xml:6:22-77
17    <uses-permission android:name="android.permission.ACCESS_MEDIA_LOCATION" />
17-->src\main\AndroidManifest.xml:7:5-80
17-->src\main\AndroidManifest.xml:7:22-77
18    <uses-permission android:name="android.permission.ACCESS_FINE_LOCATION" />
18-->src\main\AndroidManifest.xml:8:5-79
18-->src\main\AndroidManifest.xml:8:22-76
19    <uses-permission android:name="android.permission.ACCESS_COARSE_LOCATION" />
19-->src\main\AndroidManifest.xml:9:5-81
19-->src\main\AndroidManifest.xml:9:22-78
20    <uses-permission android:name="android.permission.ACCESS_BACKGROUND_LOCATION" />
20-->src\main\AndroidManifest.xml:10:5-85
20-->src\main\AndroidManifest.xml:10:22-82
21    <uses-permission android:name="android.permission.ACCESS_NETWORK_STATE" />
21-->[:firebase_analytics] AndroidManifest.xml:7:5-79
21-->[:firebase_analytics] AndroidManifest.xml:7:22-76
22    <uses-permission android:name="android.permission.WAKE_LOCK" /> <!-- Required by older versions of Google Play services to create IID tokens -->
22-->[:firebase_analytics] AndroidManifest.xml:9:5-68
22-->[:firebase_analytics] AndroidManifest.xml:9:22-65
23    <uses-permission android:name="com.google.android.c2dm.permission.RECEIVE" />
23-->[com.google.firebase:firebase-messaging:22.0.0] AndroidManifest.xml:25:5-82
23-->[com.google.firebase:firebase-messaging:22.0.0] AndroidManifest.xml:25:22-79
24    <uses-permission android:name="com.google.android.finsky.permission.BIND_GET_INSTALL_REFERRER_SERVICE" />
24-->[com.google.android.gms:play-services-measurement:19.0.0] AndroidManifest.xml:26:5-110
24-->[com.google.android.gms:play-services-measurement:19.0.0] AndroidManifest.xml:26:22-107
25
26    <uses-feature
26-->[com.google.android.gms:play-services-maps:17.0.0] AndroidManifest.xml:26:5-28:35
27        android:glEsVersion="0x00020000"
27-->[com.google.android.gms:play-services-maps:17.0.0] AndroidManifest.xml:27:9-41
28        android:required="true" />
28-->[com.google.android.gms:play-services-maps:17.0.0] AndroidManifest.xml:28:9-32
29
30    <application
30-->src\main\AndroidManifest.xml:12:4-53:19
31        android:appComponentFactory="androidx.core.app.CoreComponentFactory"
31-->[androidx.core:core:1.1.0] AndroidManifest.xml:24:18-86
32        android:debuggable="true"
33        android:icon="@mipmap/ic_launcher"
33-->src\main\AndroidManifest.xml:14:9-43
34        android:label="Port Board Broker" >
34-->src\main\AndroidManifest.xml:13:9-42
35        <meta-data
35-->src\main\AndroidManifest.xml:16:8-17:69
36            android:name="com.google.android.geo.API_KEY"
36-->src\main\AndroidManifest.xml:16:19-64
37            android:value="AIzaSyAZCxcC_iziulnM1zLO8ZNqs2h7zkiY1pk" />
37-->src\main\AndroidManifest.xml:17:12-67
38
39        <activity
39-->src\main\AndroidManifest.xml:19:9-47:20
40            android:name="com.portboard.broker.MainActivity"
40-->src\main\AndroidManifest.xml:20:13-41
41            android:configChanges="orientation|keyboardHidden|keyboard|screenSize|smallestScreenSize|locale|layoutDirection|fontScale|screenLayout|density|uiMode"
41-->src\main\AndroidManifest.xml:23:13-163
42            android:hardwareAccelerated="true"
42-->src\main\AndroidManifest.xml:24:13-47
43            android:launchMode="singleTop"
43-->src\main\AndroidManifest.xml:21:13-43
44            android:theme="@style/LaunchTheme"
44-->src\main\AndroidManifest.xml:22:13-47
45            android:windowSoftInputMode="adjustResize" >
45-->src\main\AndroidManifest.xml:25:13-55
46
47            <!--
48                 Specifies an Android theme to apply to this Activity as soon as
49                 the Android process has started. This theme is visible to the user
50                 while the Flutter UI initializes. After that, this theme continues
51                 to determine the Window background behind the Flutter UI.
52            -->
53            <meta-data
53-->src\main\AndroidManifest.xml:30:13-33:17
54                android:name="io.flutter.embedding.android.NormalTheme"
54-->src\main\AndroidManifest.xml:31:15-70
55                android:resource="@style/NormalTheme" />
55-->src\main\AndroidManifest.xml:32:15-52
56            <!--
57                 Displays an Android View that continues showing the launch screen
58                 Drawable until Flutter paints its first frame, then this splash
59                 screen fades out. A splash screen is useful to avoid any visual
60                 gap between the end of Android's launch screen and the painting of
61                 Flutter's first frame.
62            -->
63            <meta-data
63-->src\main\AndroidManifest.xml:39:13-42:17
64                android:name="io.flutter.embedding.android.SplashScreenDrawable"
64-->src\main\AndroidManifest.xml:40:15-79
65                android:resource="@drawable/launch_background" />
65-->src\main\AndroidManifest.xml:41:15-61
66
67            <intent-filter>
67-->src\main\AndroidManifest.xml:43:13-46:29
68                <action android:name="android.intent.action.MAIN" />
68-->src\main\AndroidManifest.xml:44:17-68
68-->src\main\AndroidManifest.xml:44:25-66
69
70                <category android:name="android.intent.category.LAUNCHER" />
70-->src\main\AndroidManifest.xml:45:17-76
70-->src\main\AndroidManifest.xml:45:27-74
71            </intent-filter>
72        </activity>
73        <!--
74             Don't delete the meta-data below.
75             This is used by the Flutter tool to generate GeneratedPluginRegistrant.java
76        -->
77        <meta-data
77-->src\main\AndroidManifest.xml:50:9-52:33
78            android:name="flutterEmbedding"
78-->src\main\AndroidManifest.xml:51:13-44
79            android:value="2" />
79-->src\main\AndroidManifest.xml:52:13-30
80
81        <service
81-->[:firebase_analytics] AndroidManifest.xml:12:9-16:19
82            android:name="com.google.firebase.components.ComponentDiscoveryService"
82-->[:firebase_analytics] AndroidManifest.xml:12:18-89
83            android:directBootAware="true"
83-->[com.google.firebase:firebase-common:20.0.0] AndroidManifest.xml:35:13-43
84            android:exported="false" >
84-->[com.google.firebase:firebase-messaging:22.0.0] AndroidManifest.xml:51:13-37
85            <meta-data
85-->[:firebase_analytics] AndroidManifest.xml:13:13-15:85
86                android:name="com.google.firebase.components:io.flutter.plugins.firebaseanalytics.FlutterFirebaseAppRegistrar"
86-->[:firebase_analytics] AndroidManifest.xml:14:17-127
87                android:value="com.google.firebase.components.ComponentRegistrar" />
87-->[:firebase_analytics] AndroidManifest.xml:15:17-82
88            <meta-data
88-->[:firebase_auth] AndroidManifest.xml:9:13-11:85
89                android:name="com.google.firebase.components:io.flutter.plugins.firebase.auth.FlutterFirebaseAuthRegistrar"
89-->[:firebase_auth] AndroidManifest.xml:10:17-124
90                android:value="com.google.firebase.components.ComponentRegistrar" />
90-->[:firebase_auth] AndroidManifest.xml:11:17-82
91            <meta-data
91-->[:firebase_messaging] AndroidManifest.xml:34:13-36:85
92                android:name="com.google.firebase.components:io.flutter.plugins.firebase.messaging.FlutterFirebaseAppRegistrar"
92-->[:firebase_messaging] AndroidManifest.xml:35:17-128
93                android:value="com.google.firebase.components.ComponentRegistrar" />
93-->[:firebase_messaging] AndroidManifest.xml:36:17-82
94            <meta-data
94-->[:firebase_core] AndroidManifest.xml:9:13-11:85
95                android:name="com.google.firebase.components:io.flutter.plugins.firebase.core.FlutterFirebaseCoreRegistrar"
95-->[:firebase_core] AndroidManifest.xml:10:17-124
96                android:value="com.google.firebase.components.ComponentRegistrar" />
96-->[:firebase_core] AndroidManifest.xml:11:17-82
97            <meta-data
97-->[com.google.firebase:firebase-messaging:22.0.0] AndroidManifest.xml:52:13-54:85
98                android:name="com.google.firebase.components:com.google.firebase.messaging.FirebaseMessagingRegistrar"
98-->[com.google.firebase:firebase-messaging:22.0.0] AndroidManifest.xml:53:17-119
99                android:value="com.google.firebase.components.ComponentRegistrar" />
99-->[com.google.firebase:firebase-messaging:22.0.0] AndroidManifest.xml:54:17-82
100            <meta-data
100-->[com.google.firebase:firebase-datatransport:18.0.0] AndroidManifest.xml:28:13-30:85
101                android:name="com.google.firebase.components:com.google.firebase.datatransport.TransportRegistrar"
101-->[com.google.firebase:firebase-datatransport:18.0.0] AndroidManifest.xml:29:17-115
102                android:value="com.google.firebase.components.ComponentRegistrar" />
102-->[com.google.firebase:firebase-datatransport:18.0.0] AndroidManifest.xml:30:17-82
103            <meta-data
103-->[com.google.firebase:firebase-auth:21.0.1] AndroidManifest.xml:77:13-79:85
104                android:name="com.google.firebase.components:com.google.firebase.auth.FirebaseAuthRegistrar"
104-->[com.google.firebase:firebase-auth:21.0.1] AndroidManifest.xml:78:17-109
105                android:value="com.google.firebase.components.ComponentRegistrar" />
105-->[com.google.firebase:firebase-auth:21.0.1] AndroidManifest.xml:79:17-82
106            <meta-data
106-->[com.google.android.gms:play-services-measurement-api:19.0.0] AndroidManifest.xml:30:13-32:85
107                android:name="com.google.firebase.components:com.google.firebase.analytics.connector.internal.AnalyticsConnectorRegistrar"
107-->[com.google.android.gms:play-services-measurement-api:19.0.0] AndroidManifest.xml:31:17-139
108                android:value="com.google.firebase.components.ComponentRegistrar" />
108-->[com.google.android.gms:play-services-measurement-api:19.0.0] AndroidManifest.xml:32:17-82
109            <meta-data
109-->[com.google.firebase:firebase-installations:17.0.0] AndroidManifest.xml:18:13-20:85
110                android:name="com.google.firebase.components:com.google.firebase.installations.FirebaseInstallationsRegistrar"
110-->[com.google.firebase:firebase-installations:17.0.0] AndroidManifest.xml:19:17-127
111                android:value="com.google.firebase.components.ComponentRegistrar" />
111-->[com.google.firebase:firebase-installations:17.0.0] AndroidManifest.xml:20:17-82
112        </service>
113        <service
113-->[:firebase_messaging] AndroidManifest.xml:12:9-15:72
114            android:name="io.flutter.plugins.firebase.messaging.FlutterFirebaseMessagingBackgroundService"
114-->[:firebase_messaging] AndroidManifest.xml:13:13-107
115            android:exported="false"
115-->[:firebase_messaging] AndroidManifest.xml:14:13-37
116            android:permission="android.permission.BIND_JOB_SERVICE" />
116-->[:firebase_messaging] AndroidManifest.xml:15:13-69
117        <service
117-->[:firebase_messaging] AndroidManifest.xml:16:9-22:19
118            android:name="io.flutter.plugins.firebase.messaging.FlutterFirebaseMessagingService"
118-->[:firebase_messaging] AndroidManifest.xml:17:13-97
119            android:exported="false" >
119-->[:firebase_messaging] AndroidManifest.xml:18:13-37
120            <intent-filter>
120-->[:firebase_messaging] AndroidManifest.xml:19:13-21:29
121                <action android:name="com.google.firebase.MESSAGING_EVENT" />
121-->[:firebase_messaging] AndroidManifest.xml:20:17-78
121-->[:firebase_messaging] AndroidManifest.xml:20:25-75
122            </intent-filter>
123        </service>
124
125        <receiver
125-->[:firebase_messaging] AndroidManifest.xml:24:9-31:20
126            android:name="io.flutter.plugins.firebase.messaging.FlutterFirebaseMessagingReceiver"
126-->[:firebase_messaging] AndroidManifest.xml:25:13-98
127            android:exported="true"
127-->[:firebase_messaging] AndroidManifest.xml:26:13-36
128            android:permission="com.google.android.c2dm.permission.SEND" >
128-->[:firebase_messaging] AndroidManifest.xml:27:13-73
129            <intent-filter>
129-->[:firebase_messaging] AndroidManifest.xml:28:13-30:29
130                <action android:name="com.google.android.c2dm.intent.RECEIVE" />
130-->[:firebase_messaging] AndroidManifest.xml:29:17-81
130-->[:firebase_messaging] AndroidManifest.xml:29:25-78
131            </intent-filter>
132        </receiver>
133
134        <provider
134-->[:firebase_messaging] AndroidManifest.xml:39:9-43:38
135            android:name="io.flutter.plugins.firebase.messaging.FlutterFirebaseMessagingInitProvider"
135-->[:firebase_messaging] AndroidManifest.xml:40:13-102
136            android:authorities="com.portboard.broker.flutterfirebasemessaginginitprovider"
136-->[:firebase_messaging] AndroidManifest.xml:41:13-88
137            android:exported="false"
137-->[:firebase_messaging] AndroidManifest.xml:42:13-37
138            android:initOrder="99" />
138-->[:firebase_messaging] AndroidManifest.xml:43:13-35
139        <provider
139-->[com.sangcomz:FishBun:0.11.2] AndroidManifest.xml:12:9-20:20
140            android:name="com.sangcomz.fishbun.FishBunFileProvider"
140-->[com.sangcomz:FishBun:0.11.2] AndroidManifest.xml:13:13-68
141            android:authorities="com.portboard.broker.fishbunfileprovider"
141-->[com.sangcomz:FishBun:0.11.2] AndroidManifest.xml:14:13-71
142            android:exported="false"
142-->[com.sangcomz:FishBun:0.11.2] AndroidManifest.xml:15:13-37
143            android:grantUriPermissions="true" >
143-->[com.sangcomz:FishBun:0.11.2] AndroidManifest.xml:16:13-47
144            <meta-data
144-->[com.sangcomz:FishBun:0.11.2] AndroidManifest.xml:17:13-19:58
145                android:name="android.support.FILE_PROVIDER_PATHS"
145-->[com.sangcomz:FishBun:0.11.2] AndroidManifest.xml:18:17-67
146                android:resource="@xml/provider_paths" />
146-->[com.sangcomz:FishBun:0.11.2] AndroidManifest.xml:19:17-55
147        </provider>
148
149        <activity
149-->[com.sangcomz:FishBun:0.11.2] AndroidManifest.xml:22:9-25:51
150            android:name="com.sangcomz.fishbun.ui.album.AlbumActivity"
150-->[com.sangcomz:FishBun:0.11.2] AndroidManifest.xml:23:13-71
151            android:label="@string/album"
151-->[com.sangcomz:FishBun:0.11.2] AndroidManifest.xml:24:13-42
152            android:theme="@style/FishBunTheme" />
152-->[com.sangcomz:FishBun:0.11.2] AndroidManifest.xml:25:13-48
153        <activity
153-->[com.sangcomz:FishBun:0.11.2] AndroidManifest.xml:26:9-28:51
154            android:name="com.sangcomz.fishbun.ui.picker.PickerActivity"
154-->[com.sangcomz:FishBun:0.11.2] AndroidManifest.xml:27:13-73
155            android:theme="@style/FishBunTheme" />
155-->[com.sangcomz:FishBun:0.11.2] AndroidManifest.xml:28:13-48
156        <activity
156-->[com.sangcomz:FishBun:0.11.2] AndroidManifest.xml:29:9-31:54
157            android:name="com.sangcomz.fishbun.ui.detail.DetailActivity"
157-->[com.sangcomz:FishBun:0.11.2] AndroidManifest.xml:30:13-73
158            android:theme="@style/DetailViewTheme" />
158-->[com.sangcomz:FishBun:0.11.2] AndroidManifest.xml:31:13-51
159
160        <receiver
160-->[com.google.firebase:firebase-messaging:22.0.0] AndroidManifest.xml:28:9-35:20
161            android:name="com.google.firebase.iid.FirebaseInstanceIdReceiver"
161-->[com.google.firebase:firebase-messaging:22.0.0] AndroidManifest.xml:29:13-78
162            android:exported="true"
162-->[com.google.firebase:firebase-messaging:22.0.0] AndroidManifest.xml:30:13-36
163            android:permission="com.google.android.c2dm.permission.SEND" >
163-->[com.google.firebase:firebase-messaging:22.0.0] AndroidManifest.xml:31:13-73
164            <intent-filter>
164-->[:firebase_messaging] AndroidManifest.xml:28:13-30:29
165                <action android:name="com.google.android.c2dm.intent.RECEIVE" />
165-->[:firebase_messaging] AndroidManifest.xml:29:17-81
165-->[:firebase_messaging] AndroidManifest.xml:29:25-78
166            </intent-filter>
167        </receiver>
168        <!--
169             FirebaseMessagingService performs security checks at runtime,
170             but set to not exported to explicitly avoid allowing another app to call it.
171        -->
172        <service
172-->[com.google.firebase:firebase-messaging:22.0.0] AndroidManifest.xml:41:9-48:19
173            android:name="com.google.firebase.messaging.FirebaseMessagingService"
173-->[com.google.firebase:firebase-messaging:22.0.0] AndroidManifest.xml:42:13-82
174            android:directBootAware="true"
174-->[com.google.firebase:firebase-messaging:22.0.0] AndroidManifest.xml:43:13-43
175            android:exported="false" >
175-->[com.google.firebase:firebase-messaging:22.0.0] AndroidManifest.xml:44:13-37
176            <intent-filter android:priority="-500" >
176-->[:firebase_messaging] AndroidManifest.xml:19:13-21:29
177                <action android:name="com.google.firebase.MESSAGING_EVENT" />
177-->[:firebase_messaging] AndroidManifest.xml:20:17-78
177-->[:firebase_messaging] AndroidManifest.xml:20:25-75
178            </intent-filter>
179        </service>
180        <service
180-->[com.google.android.datatransport:transport-backend-cct:3.0.0] AndroidManifest.xml:29:9-35:19
181            android:name="com.google.android.datatransport.runtime.backends.TransportBackendDiscovery"
181-->[com.google.android.datatransport:transport-backend-cct:3.0.0] AndroidManifest.xml:30:13-103
182            android:exported="false" >
182-->[com.google.android.datatransport:transport-backend-cct:3.0.0] AndroidManifest.xml:31:13-37
183            <meta-data
183-->[com.google.android.datatransport:transport-backend-cct:3.0.0] AndroidManifest.xml:32:13-34:39
184                android:name="backend:com.google.android.datatransport.cct.CctBackendFactory"
184-->[com.google.android.datatransport:transport-backend-cct:3.0.0] AndroidManifest.xml:33:17-94
185                android:value="cct" />
185-->[com.google.android.datatransport:transport-backend-cct:3.0.0] AndroidManifest.xml:34:17-36
186        </service>
187
188        <activity
188-->[com.google.firebase:firebase-auth:21.0.1] AndroidManifest.xml:27:9-44:20
189            android:name="com.google.firebase.auth.internal.GenericIdpActivity"
189-->[com.google.firebase:firebase-auth:21.0.1] AndroidManifest.xml:28:13-80
190            android:excludeFromRecents="true"
190-->[com.google.firebase:firebase-auth:21.0.1] AndroidManifest.xml:29:13-46
191            android:exported="true"
191-->[com.google.firebase:firebase-auth:21.0.1] AndroidManifest.xml:30:13-36
192            android:launchMode="singleTask"
192-->[com.google.firebase:firebase-auth:21.0.1] AndroidManifest.xml:31:13-44
193            android:theme="@android:style/Theme.Translucent.NoTitleBar" >
193-->[com.google.firebase:firebase-auth:21.0.1] AndroidManifest.xml:32:13-72
194            <intent-filter>
194-->[com.google.firebase:firebase-auth:21.0.1] AndroidManifest.xml:33:13-43:29
195                <action android:name="android.intent.action.VIEW" />
195-->[com.google.firebase:firebase-auth:21.0.1] AndroidManifest.xml:34:17-69
195-->[com.google.firebase:firebase-auth:21.0.1] AndroidManifest.xml:34:25-66
196
197                <category android:name="android.intent.category.DEFAULT" />
197-->[com.google.firebase:firebase-auth:21.0.1] AndroidManifest.xml:36:17-76
197-->[com.google.firebase:firebase-auth:21.0.1] AndroidManifest.xml:36:27-73
198                <category android:name="android.intent.category.BROWSABLE" />
198-->[com.google.firebase:firebase-auth:21.0.1] AndroidManifest.xml:37:17-78
198-->[com.google.firebase:firebase-auth:21.0.1] AndroidManifest.xml:37:27-75
199
200                <data
200-->[com.google.firebase:firebase-auth:21.0.1] AndroidManifest.xml:39:17-42:51
201                    android:host="firebase.auth"
201-->[com.google.firebase:firebase-auth:21.0.1] AndroidManifest.xml:40:21-49
202                    android:path="/"
202-->[com.google.firebase:firebase-auth:21.0.1] AndroidManifest.xml:41:21-37
203                    android:scheme="genericidp" />
203-->[com.google.firebase:firebase-auth:21.0.1] AndroidManifest.xml:42:21-48
204            </intent-filter>
205        </activity>
206        <activity
206-->[com.google.firebase:firebase-auth:21.0.1] AndroidManifest.xml:45:9-62:20
207            android:name="com.google.firebase.auth.internal.RecaptchaActivity"
207-->[com.google.firebase:firebase-auth:21.0.1] AndroidManifest.xml:46:13-79
208            android:excludeFromRecents="true"
208-->[com.google.firebase:firebase-auth:21.0.1] AndroidManifest.xml:47:13-46
209            android:exported="true"
209-->[com.google.firebase:firebase-auth:21.0.1] AndroidManifest.xml:48:13-36
210            android:launchMode="singleTask"
210-->[com.google.firebase:firebase-auth:21.0.1] AndroidManifest.xml:49:13-44
211            android:theme="@android:style/Theme.Translucent.NoTitleBar" >
211-->[com.google.firebase:firebase-auth:21.0.1] AndroidManifest.xml:50:13-72
212            <intent-filter>
212-->[com.google.firebase:firebase-auth:21.0.1] AndroidManifest.xml:51:13-61:29
213                <action android:name="android.intent.action.VIEW" />
213-->[com.google.firebase:firebase-auth:21.0.1] AndroidManifest.xml:34:17-69
213-->[com.google.firebase:firebase-auth:21.0.1] AndroidManifest.xml:34:25-66
214
215                <category android:name="android.intent.category.DEFAULT" />
215-->[com.google.firebase:firebase-auth:21.0.1] AndroidManifest.xml:36:17-76
215-->[com.google.firebase:firebase-auth:21.0.1] AndroidManifest.xml:36:27-73
216                <category android:name="android.intent.category.BROWSABLE" />
216-->[com.google.firebase:firebase-auth:21.0.1] AndroidManifest.xml:37:17-78
216-->[com.google.firebase:firebase-auth:21.0.1] AndroidManifest.xml:37:27-75
217
218                <data
218-->[com.google.firebase:firebase-auth:21.0.1] AndroidManifest.xml:39:17-42:51
219                    android:host="firebase.auth"
219-->[com.google.firebase:firebase-auth:21.0.1] AndroidManifest.xml:40:21-49
220                    android:path="/"
220-->[com.google.firebase:firebase-auth:21.0.1] AndroidManifest.xml:41:21-37
221                    android:scheme="recaptcha" />
221-->[com.google.firebase:firebase-auth:21.0.1] AndroidManifest.xml:42:21-48
222            </intent-filter>
223        </activity>
224
225        <service
225-->[com.google.firebase:firebase-auth:21.0.1] AndroidManifest.xml:64:9-73:19
226            android:name="com.google.firebase.auth.api.fallback.service.FirebaseAuthFallbackService"
226-->[com.google.firebase:firebase-auth:21.0.1] AndroidManifest.xml:65:13-101
227            android:enabled="true"
227-->[com.google.firebase:firebase-auth:21.0.1] AndroidManifest.xml:66:13-35
228            android:exported="false" >
228-->[com.google.firebase:firebase-auth:21.0.1] AndroidManifest.xml:67:13-37
229            <intent-filter>
229-->[com.google.firebase:firebase-auth:21.0.1] AndroidManifest.xml:68:13-72:29
230                <action android:name="com.google.firebase.auth.api.gms.service.START" />
230-->[com.google.firebase:firebase-auth:21.0.1] AndroidManifest.xml:69:17-89
230-->[com.google.firebase:firebase-auth:21.0.1] AndroidManifest.xml:69:25-86
231
232                <category android:name="android.intent.category.DEFAULT" />
232-->[com.google.firebase:firebase-auth:21.0.1] AndroidManifest.xml:36:17-76
232-->[com.google.firebase:firebase-auth:21.0.1] AndroidManifest.xml:36:27-73
233            </intent-filter>
234        </service>
235
236        <provider
236-->[com.google.firebase:firebase-common:20.0.0] AndroidManifest.xml:26:9-31:39
237            android:name="com.google.firebase.provider.FirebaseInitProvider"
237-->[com.google.firebase:firebase-common:20.0.0] AndroidManifest.xml:27:13-77
238            android:authorities="com.portboard.broker.firebaseinitprovider"
238-->[com.google.firebase:firebase-common:20.0.0] AndroidManifest.xml:28:13-72
239            android:directBootAware="true"
239-->[com.google.firebase:firebase-common:20.0.0] AndroidManifest.xml:29:13-43
240            android:exported="false"
240-->[com.google.firebase:firebase-common:20.0.0] AndroidManifest.xml:30:13-37
241            android:initOrder="100" />
241-->[com.google.firebase:firebase-common:20.0.0] AndroidManifest.xml:31:13-36
242
243        <receiver
243-->[com.google.android.gms:play-services-measurement:19.0.0] AndroidManifest.xml:29:9-33:20
244            android:name="com.google.android.gms.measurement.AppMeasurementReceiver"
244-->[com.google.android.gms:play-services-measurement:19.0.0] AndroidManifest.xml:30:13-85
245            android:enabled="true"
245-->[com.google.android.gms:play-services-measurement:19.0.0] AndroidManifest.xml:31:13-35
246            android:exported="false" >
246-->[com.google.android.gms:play-services-measurement:19.0.0] AndroidManifest.xml:32:13-37
247        </receiver>
248
249        <service
249-->[com.google.android.gms:play-services-measurement:19.0.0] AndroidManifest.xml:35:9-38:40
250            android:name="com.google.android.gms.measurement.AppMeasurementService"
250-->[com.google.android.gms:play-services-measurement:19.0.0] AndroidManifest.xml:36:13-84
251            android:enabled="true"
251-->[com.google.android.gms:play-services-measurement:19.0.0] AndroidManifest.xml:37:13-35
252            android:exported="false" />
252-->[com.google.android.gms:play-services-measurement:19.0.0] AndroidManifest.xml:38:13-37
253        <service
253-->[com.google.android.gms:play-services-measurement:19.0.0] AndroidManifest.xml:39:9-43:72
254            android:name="com.google.android.gms.measurement.AppMeasurementJobService"
254-->[com.google.android.gms:play-services-measurement:19.0.0] AndroidManifest.xml:40:13-87
255            android:enabled="true"
255-->[com.google.android.gms:play-services-measurement:19.0.0] AndroidManifest.xml:41:13-35
256            android:exported="false"
256-->[com.google.android.gms:play-services-measurement:19.0.0] AndroidManifest.xml:42:13-37
257            android:permission="android.permission.BIND_JOB_SERVICE" /> <!-- Needs to be explicitly declared on P+ -->
257-->[com.google.android.gms:play-services-measurement:19.0.0] AndroidManifest.xml:43:13-69
258        <uses-library
258-->[com.google.android.gms:play-services-maps:17.0.0] AndroidManifest.xml:33:9-35:40
259            android:name="org.apache.http.legacy"
259-->[com.google.android.gms:play-services-maps:17.0.0] AndroidManifest.xml:34:13-50
260            android:required="false" />
260-->[com.google.android.gms:play-services-maps:17.0.0] AndroidManifest.xml:35:13-37
261
262        <activity
262-->[com.google.android.gms:play-services-base:17.1.0] AndroidManifest.xml:23:9-26:75
263            android:name="com.google.android.gms.common.api.GoogleApiActivity"
263-->[com.google.android.gms:play-services-base:17.1.0] AndroidManifest.xml:24:13-79
264            android:exported="false"
264-->[com.google.android.gms:play-services-base:17.1.0] AndroidManifest.xml:25:13-37
265            android:theme="@android:style/Theme.Translucent.NoTitleBar" />
265-->[com.google.android.gms:play-services-base:17.1.0] AndroidManifest.xml:26:13-72
266
267        <meta-data
267-->[com.google.android.gms:play-services-basement:17.1.0] AndroidManifest.xml:23:9-25:69
268            android:name="com.google.android.gms.version"
268-->[com.google.android.gms:play-services-basement:17.1.0] AndroidManifest.xml:24:13-58
269            android:value="@integer/google_play_services_version" />
269-->[com.google.android.gms:play-services-basement:17.1.0] AndroidManifest.xml:25:13-66
270
271        <service
271-->[com.google.android.datatransport:transport-runtime:3.0.0] AndroidManifest.xml:26:9-30:19
272            android:name="com.google.android.datatransport.runtime.scheduling.jobscheduling.JobInfoSchedulerService"
272-->[com.google.android.datatransport:transport-runtime:3.0.0] AndroidManifest.xml:27:13-117
273            android:exported="false"
273-->[com.google.android.datatransport:transport-runtime:3.0.0] AndroidManifest.xml:28:13-37
274            android:permission="android.permission.BIND_JOB_SERVICE" >
274-->[com.google.android.datatransport:transport-runtime:3.0.0] AndroidManifest.xml:29:13-69
275        </service>
276
277        <receiver
277-->[com.google.android.datatransport:transport-runtime:3.0.0] AndroidManifest.xml:32:9-34:40
278            android:name="com.google.android.datatransport.runtime.scheduling.jobscheduling.AlarmManagerSchedulerBroadcastReceiver"
278-->[com.google.android.datatransport:transport-runtime:3.0.0] AndroidManifest.xml:33:13-132
279            android:exported="false" />
279-->[com.google.android.datatransport:transport-runtime:3.0.0] AndroidManifest.xml:34:13-37
280    </application>
281
282</manifest>